2023-10-23 22:56:52,195 [INFO] Activator:176 - 


2023-10-23 22:56:52,200 [INFO] Activator:177 - !SESSION log4j initialized
2023-10-23 22:57:00,154 [INFO] LogOutputStream:77 - [STDOUT_REDIRECT] 
2023-10-23 22:57:14,754 [INFO] ApplicationProperties:184 - Using Application install path: D:\ST\STM32CubeIDE_1.13.2\STM32CubeIDE\plugins\com.st.stm32cube.common.mx_6.9.2.202309101412
2023-10-23 22:57:14,799 [INFO] DbMcusXml:78 - Set database path to: D:\ST\STM32CubeIDE_1.13.2\STM32CubeIDE\plugins\com.st.stm32cube.common.mx_6.9.2.202309101412\\db\/mcu/
2023-10-23 22:57:14,799 [INFO] ApiDb:274 - Set plugin database path to: D:\ST\STM32CubeIDE_1.13.2\STM32CubeIDE\plugins\com.st.stm32cube.common.mx_6.9.2.202309101412\\db\/plugins/boardmanager/
2023-10-23 22:57:14,802 [WARN] ApiDb:259 - Overriding images path with different value:  => D:\ST\STM32CubeIDE_1.13.2\STM32CubeIDE\plugins\com.st.stm32cube.common.mx_6.9.2.202309101412\\db\/plugins/mcufinder/images/
2023-10-23 22:57:14,828 [INFO] ApiDb:250 - Set database path to: C:\Users\Betka\.stmcufinder\plugins\mcufinder//mcu/
2023-10-23 22:57:14,832 [INFO] DbMcusAds:125 - Set database path to: C:\Users\Betka\.stmcufinder\plugins\mcufinder//mcu/
2023-10-23 22:57:14,879 [INFO] CrossReferenceDbSqlite:203 - Set database path to: C:\Users\Betka\.stmcufinder\plugins\mcufinder//mcu/cs/
2023-10-23 22:57:15,209 [INFO] RulesReader:64 - Compatibility file has been processed (293 Rules)
2023-10-23 22:57:15,428 [INFO] DbMcusXml:78 - Set database path to: D:\ST\STM32CubeIDE_1.13.2\STM32CubeIDE\plugins\com.st.stm32cube.common.mx_6.9.2.202309101412\\db\/mcu/
2023-10-23 22:57:15,429 [INFO] ApiDb:274 - Set plugin database path to: D:\ST\STM32CubeIDE_1.13.2\STM32CubeIDE\plugins\com.st.stm32cube.common.mx_6.9.2.202309101412\\db\/plugins/boardmanager/
2023-10-23 22:57:15,429 [INFO] ApiDb:261 - Set plugin images path to: D:\ST\STM32CubeIDE_1.13.2\STM32CubeIDE\plugins\com.st.stm32cube.common.mx_6.9.2.202309101412\\db\/plugins/mcufinder/images/
2023-10-23 22:57:15,434 [WARN] DbFile:41 - Overriding database path with different value: C:\Users\Betka\.stmcufinder\plugins\mcufinder/ => C:\Users\Betka\.stmcufinder\plugins\mcufinder
2023-10-23 22:57:15,434 [INFO] ApiDb:250 - Set database path to: C:\Users\Betka\.stmcufinder\plugins\mcufinder//mcu/
2023-10-23 22:57:15,435 [WARN] DbFile:41 - Overriding database path with different value: C:\Users\Betka\.stmcufinder\plugins\mcufinder/ => C:\Users\Betka\.stmcufinder\plugins\mcufinder
2023-10-23 22:57:15,435 [INFO] DbMcusAds:125 - Set database path to: C:\Users\Betka\.stmcufinder\plugins\mcufinder//mcu/
2023-10-23 22:57:15,436 [WARN] DbFile:41 - Overriding database path with different value: C:\Users\Betka\.stmcufinder\plugins\mcufinder/ => C:\Users\Betka\.stmcufinder\plugins\mcufinder
2023-10-23 22:57:15,436 [WARN] DbFile:41 - Overriding database path with different value: C:\Users\Betka\.stmcufinder\plugins\mcufinder/ => C:\Users\Betka\.stmcufinder\plugins\mcufinder
2023-10-23 22:57:15,436 [INFO] CrossReferenceDbSqlite:203 - Set database path to: C:\Users\Betka\.stmcufinder\plugins\mcufinder//mcu/cs/
2023-10-23 22:57:15,602 [INFO] MainPanel:262 - HeapMemory: 268435456
2023-10-23 22:57:15,778 [INFO] DbMcusXml:78 - Set database path to: D:\ST\STM32CubeIDE_1.13.2\STM32CubeIDE\plugins\com.st.stm32cube.common.mx_6.9.2.202309101412\\db\/mcu/
2023-10-23 22:57:15,779 [INFO] ApiDb:274 - Set plugin database path to: D:\ST\STM32CubeIDE_1.13.2\STM32CubeIDE\plugins\com.st.stm32cube.common.mx_6.9.2.202309101412\\db\/plugins/boardmanager/
2023-10-23 22:57:15,779 [INFO] ApiDb:261 - Set plugin images path to: D:\ST\STM32CubeIDE_1.13.2\STM32CubeIDE\plugins\com.st.stm32cube.common.mx_6.9.2.202309101412\\db\/plugins/mcufinder/images/
2023-10-23 22:57:15,780 [WARN] DbFile:41 - Overriding database path with different value: C:\Users\Betka\.stmcufinder\plugins\mcufinder/ => C:\Users\Betka\.stmcufinder\plugins\mcufinder
2023-10-23 22:57:15,781 [INFO] ApiDb:250 - Set database path to: C:\Users\Betka\.stmcufinder\plugins\mcufinder//mcu/
2023-10-23 22:57:15,781 [WARN] DbFile:41 - Overriding database path with different value: C:\Users\Betka\.stmcufinder\plugins\mcufinder/ => C:\Users\Betka\.stmcufinder\plugins\mcufinder
2023-10-23 22:57:15,781 [INFO] DbMcusAds:125 - Set database path to: C:\Users\Betka\.stmcufinder\plugins\mcufinder//mcu/
2023-10-23 22:57:15,782 [WARN] DbFile:41 - Overriding database path with different value: C:\Users\Betka\.stmcufinder\plugins\mcufinder/ => C:\Users\Betka\.stmcufinder\plugins\mcufinder
2023-10-23 22:57:15,782 [WARN] DbFile:41 - Overriding database path with different value: C:\Users\Betka\.stmcufinder\plugins\mcufinder/ => C:\Users\Betka\.stmcufinder\plugins\mcufinder
2023-10-23 22:57:15,782 [INFO] CrossReferenceDbSqlite:203 - Set database path to: C:\Users\Betka\.stmcufinder\plugins\mcufinder//mcu/cs/
2023-10-23 22:57:15,823 [INFO] ApplicationProperties:184 - Using Application install path: D:\ST\STM32CubeIDE_1.13.2\STM32CubeIDE\plugins\com.st.stm32cube.common.mx_6.9.2.202309101412
2023-10-23 22:57:15,825 [INFO] PluginManage:196 - Search for loadable plugins [exclusion list=, ]
2023-10-23 22:57:15,826 [INFO] PluginManage:310 - Check plugin analytics
2023-10-23 22:57:16,267 [INFO] AnalyticsPlugin:253 - Accepted Software Licenses: 
2023-10-23 22:57:16,269 [INFO] AnalyticsPlugin:255 - Accepted CMSIS Pack Licenses: 
2023-10-23 22:57:16,270 [INFO] AnalyticsPlugin:257 - Accepted Firmware Licenses: 
2023-10-23 22:57:16,277 [INFO] PluginManage:359 - Loaded plugin analytics (category:tool,tabindex:-1)
2023-10-23 22:57:16,288 [INFO] PluginManage:310 - Check plugin cadmodel
2023-10-23 22:57:16,387 [INFO] CADModel:105 - Init CAD model plugin
2023-10-23 22:57:16,387 [INFO] PluginManage:359 - Loaded plugin cadmodel (category:power,tabindex:5)
2023-10-23 22:57:16,388 [INFO] PluginManage:310 - Check plugin clock
2023-10-23 22:57:16,428 [INFO] PluginManage:359 - Loaded plugin clock (category:base,tabindex:2)
2023-10-23 22:57:16,429 [INFO] PluginManage:310 - Check plugin ddr
2023-10-23 22:57:16,433 [INFO] PluginManage:359 - Loaded plugin ddr (category:tool,tabindex:6)
2023-10-23 22:57:16,433 [INFO] PluginManage:310 - Check plugin filemanager
2023-10-23 22:57:16,968 [INFO] PluginManage:359 - Loaded plugin filemanager (category:base,tabindex:10)
2023-10-23 22:57:16,969 [INFO] PluginManage:310 - Check plugin ipmanager
2023-10-23 22:57:16,988 [INFO] PluginManage:359 - Loaded plugin ipmanager (category:base,tabindex:5)
2023-10-23 22:57:16,988 [INFO] PluginManage:310 - Check plugin lpbam
2023-10-23 22:57:17,033 [INFO] PluginManage:359 - Loaded plugin lpbam (category:base,tabindex:0)
2023-10-23 22:57:17,033 [INFO] PluginManage:310 - Check plugin memorymap
2023-10-23 22:57:17,111 [INFO] PluginManage:359 - Loaded plugin memorymap (category:base,tabindex:4)
2023-10-23 22:57:17,111 [INFO] PluginManage:310 - Check plugin pinoutandconfiguration
2023-10-23 22:57:17,156 [INFO] PluginManage:359 - Loaded plugin pinoutandconfiguration (category:base,tabindex:1)
2023-10-23 22:57:17,157 [INFO] PluginManage:310 - Check plugin pinoutconfig
2023-10-23 22:57:17,489 [WARN] SupportedApi:132 - Cannot load RTOS API schema: s4s-elt-must-match.1: The content of 'definitions' must match (annotation?, (simpleType | complexType)?, (unique | key | keyref)*)). A problem was found starting at: attribute.
2023-10-23 22:57:17,901 [INFO] PluginManage:359 - Loaded plugin pinoutconfig (category:base,tabindex:0)
2023-10-23 22:57:17,901 [INFO] PluginManage:310 - Check plugin power
2023-10-23 22:57:17,938 [INFO] PluginManage:359 - Loaded plugin power (category:power,tabindex:4)
2023-10-23 22:57:17,939 [INFO] PluginManage:310 - Check plugin projectmanager
2023-10-23 22:57:17,996 [INFO] PluginManage:359 - Loaded plugin projectmanager (category:projectmanager,tabindex:3)
2023-10-23 22:57:17,997 [INFO] PluginManage:310 - Check plugin thirdparty
2023-10-23 22:57:18,662 [INFO] PluginManage:359 - Loaded plugin thirdparty (category:base,tabindex:-1)
2023-10-23 22:57:18,662 [WARN] IntegrityCheckThread:84 - waiting for thirdparty lock release [integrity check]
2023-10-23 22:57:18,662 [INFO] PluginManage:310 - Check plugin tools
2023-10-23 22:57:18,663 [INFO] IntegrityCheckThread:86 - entering critical section [integrity check]
2023-10-23 22:57:18,663 [INFO] ThirdPartyUpdaterWithRetryManager:70 - Updater plugin not ready yet. [1/15]
2023-10-23 22:57:18,732 [INFO] PluginManage:359 - Loaded plugin tools (category:base,tabindex:7)
2023-10-23 22:57:18,732 [INFO] PluginManage:310 - Check plugin tutovideos
2023-10-23 22:57:19,130 [INFO] PluginManage:359 - Loaded plugin tutovideos (category:base,tabindex:-1)
2023-10-23 22:57:19,130 [INFO] PluginManage:310 - Check plugin updater
2023-10-23 22:57:19,148 [INFO] PluginManage:359 - Loaded plugin updater (category:base,tabindex:12)
2023-10-23 22:57:19,148 [INFO] PluginManage:310 - Check plugin userauth
2023-10-23 22:57:19,157 [INFO] UserAuth:113 - Init User Auth plugin
2023-10-23 22:57:19,157 [INFO] PluginManage:359 - Loaded plugin userauth (category:base,tabindex:14)
2023-10-23 22:57:19,158 [INFO] PluginManage:283 - PluginManage : Loaded plugins [17]
2023-10-23 22:57:19,580 [INFO] PinOutPanel:1499 - setPackage(No Configuration,No Configuration)
2023-10-23 22:57:19,824 [INFO] CADModel:165 - CPN selected for project level
2023-10-23 22:57:19,825 [INFO] CADModel:114 - Register for checkConnection events
2023-10-23 22:57:19,870 [INFO] IPUIPlugin:80 - create IPUIPlugin
2023-10-23 22:57:19,870 [INFO] PluginManager:220 - loadIPPluginJar : add adc
2023-10-23 22:57:19,931 [INFO] IPUIPlugin:80 - create IPUIPlugin
2023-10-23 22:57:19,931 [INFO] PluginManager:220 - loadIPPluginJar : add aes
2023-10-23 22:57:20,031 [INFO] IPUIPlugin:80 - create IPUIPlugin
2023-10-23 22:57:20,031 [INFO] PluginManager:220 - loadIPPluginJar : add can
2023-10-23 22:57:20,070 [INFO] IPUIPlugin:80 - create IPUIPlugin
2023-10-23 22:57:20,071 [INFO] PluginManager:220 - loadIPPluginJar : add comp
2023-10-23 22:57:20,152 [INFO] IPUIPlugin:80 - create IPUIPlugin
2023-10-23 22:57:20,153 [INFO] PluginManager:220 - loadIPPluginJar : add cryp
2023-10-23 22:57:20,230 [INFO] IPUIPlugin:80 - create IPUIPlugin
2023-10-23 22:57:20,231 [INFO] PluginManager:220 - loadIPPluginJar : add dfsdm
2023-10-23 22:57:20,264 [INFO] IPUIPlugin:80 - create IPUIPlugin
2023-10-23 22:57:20,265 [INFO] PluginManager:220 - loadIPPluginJar : add dma
2023-10-23 22:57:20,359 [INFO] IPUIPlugin:80 - create IPUIPlugin
2023-10-23 22:57:20,359 [INFO] PluginManager:220 - loadIPPluginJar : add dma3
2023-10-23 22:57:20,402 [INFO] IPUIPlugin:80 - create IPUIPlugin
2023-10-23 22:57:20,403 [INFO] PluginManager:220 - loadIPPluginJar : add fatfs
2023-10-23 22:57:20,492 [INFO] IPUIPlugin:80 - create IPUIPlugin
2023-10-23 22:57:20,492 [INFO] PluginManager:220 - loadIPPluginJar : add fmc
2023-10-23 22:57:20,549 [INFO] IPUIPlugin:80 - create IPUIPlugin
2023-10-23 22:57:20,550 [INFO] PluginManager:220 - loadIPPluginJar : add freertos
2023-10-23 22:57:20,596 [INFO] IPUIPlugin:80 - create IPUIPlugin
2023-10-23 22:57:20,596 [INFO] PluginManager:220 - loadIPPluginJar : add genericplugin
2023-10-23 22:57:20,832 [INFO] IPUIPlugin:80 - create IPUIPlugin
2023-10-23 22:57:20,833 [INFO] PluginManager:220 - loadIPPluginJar : add gfxmmu
2023-10-23 22:57:21,149 [INFO] IPUIPlugin:80 - create IPUIPlugin
2023-10-23 22:57:21,149 [INFO] PluginManager:220 - loadIPPluginJar : add gic
2023-10-23 22:57:21,181 [INFO] IPUIPlugin:80 - create IPUIPlugin
2023-10-23 22:57:21,182 [INFO] PluginManager:220 - loadIPPluginJar : add gpio
2023-10-23 22:57:21,383 [INFO] IPUIPlugin:80 - create IPUIPlugin
2023-10-23 22:57:21,383 [INFO] PluginManager:220 - loadIPPluginJar : add gtzc
2023-10-23 22:57:21,447 [INFO] IPUIPlugin:80 - create IPUIPlugin
2023-10-23 22:57:21,448 [INFO] PluginManager:220 - loadIPPluginJar : add hash
2023-10-23 22:57:21,596 [INFO] IPUIPlugin:80 - create IPUIPlugin
2023-10-23 22:57:21,597 [INFO] PluginManager:220 - loadIPPluginJar : add i2c
2023-10-23 22:57:21,665 [INFO] ThirdPartyUpdaterWithRetryManager:70 - Updater plugin not ready yet. [2/15]
2023-10-23 22:57:21,685 [INFO] IPUIPlugin:80 - create IPUIPlugin
2023-10-23 22:57:21,686 [INFO] PluginManager:220 - loadIPPluginJar : add i2s
2023-10-23 22:57:21,796 [INFO] IPUIPlugin:80 - create IPUIPlugin
2023-10-23 22:57:21,796 [INFO] PluginManager:220 - loadIPPluginJar : add i3c
2023-10-23 22:57:22,053 [INFO] IPUIPlugin:80 - create IPUIPlugin
2023-10-23 22:57:22,054 [INFO] PluginManager:220 - loadIPPluginJar : add ipddr
2023-10-23 22:57:22,259 [INFO] IPUIPlugin:80 - create IPUIPlugin
2023-10-23 22:57:22,259 [INFO] PluginManager:220 - loadIPPluginJar : add linkedlist
2023-10-23 22:57:22,327 [INFO] IPUIPlugin:80 - create IPUIPlugin
2023-10-23 22:57:22,327 [INFO] PluginManager:220 - loadIPPluginJar : add lorawan
2023-10-23 22:57:22,426 [INFO] IPUIPlugin:80 - create IPUIPlugin
2023-10-23 22:57:22,427 [INFO] PluginManager:220 - loadIPPluginJar : add ltdc
2023-10-23 22:57:22,459 [INFO] IPUIPlugin:80 - create IPUIPlugin
2023-10-23 22:57:22,460 [INFO] PluginManager:220 - loadIPPluginJar : add mdma
2023-10-23 22:57:22,480 [INFO] IPUIPlugin:80 - create IPUIPlugin
2023-10-23 22:57:22,481 [INFO] PluginManager:220 - loadIPPluginJar : add nvic
2023-10-23 22:57:22,575 [INFO] IPUIPlugin:80 - create IPUIPlugin
2023-10-23 22:57:22,575 [INFO] PluginManager:220 - loadIPPluginJar : add opamp
2023-10-23 22:57:22,719 [INFO] IPUIPlugin:80 - create IPUIPlugin
2023-10-23 22:57:22,720 [INFO] PluginManager:220 - loadIPPluginJar : add openamp
2023-10-23 22:57:22,798 [INFO] IPUIPlugin:80 - create IPUIPlugin
2023-10-23 22:57:22,798 [INFO] PluginManager:220 - loadIPPluginJar : add pdm2pcm
2023-10-23 22:57:22,847 [INFO] IPUIPlugin:80 - create IPUIPlugin
2023-10-23 22:57:22,852 [INFO] PluginManager:220 - loadIPPluginJar : add plateformsettings
2023-10-23 22:57:22,900 [INFO] IPUIPlugin:80 - create IPUIPlugin
2023-10-23 22:57:22,900 [INFO] PluginManager:220 - loadIPPluginJar : add quadspi
2023-10-23 22:57:22,923 [INFO] IPUIPlugin:80 - create IPUIPlugin
2023-10-23 22:57:22,924 [INFO] PluginManager:220 - loadIPPluginJar : add resmgrutility
2023-10-23 22:57:23,033 [INFO] IPUIPlugin:80 - create IPUIPlugin
2023-10-23 22:57:23,033 [INFO] PluginManager:220 - loadIPPluginJar : add sai
2023-10-23 22:57:23,110 [INFO] IPUIPlugin:80 - create IPUIPlugin
2023-10-23 22:57:23,110 [INFO] PluginManager:220 - loadIPPluginJar : add spi
2023-10-23 22:57:23,235 [INFO] IPUIPlugin:80 - create IPUIPlugin
2023-10-23 22:57:23,235 [INFO] PluginManager:220 - loadIPPluginJar : add stm32_wpan
2023-10-23 22:57:23,283 [INFO] IPUIPlugin:80 - create IPUIPlugin
2023-10-23 22:57:23,284 [INFO] PluginManager:220 - loadIPPluginJar : add tim
2023-10-23 22:57:23,442 [INFO] IPUIPlugin:80 - create IPUIPlugin
2023-10-23 22:57:23,442 [INFO] PluginManager:220 - loadIPPluginJar : add touchsensing
2023-10-23 22:57:23,497 [INFO] IPUIPlugin:80 - create IPUIPlugin
2023-10-23 22:57:23,497 [INFO] PluginManager:220 - loadIPPluginJar : add tracer_emb
2023-10-23 22:57:23,545 [INFO] IPUIPlugin:80 - create IPUIPlugin
2023-10-23 22:57:23,546 [INFO] PluginManager:220 - loadIPPluginJar : add ts
2023-10-23 22:57:23,594 [INFO] IPUIPlugin:80 - create IPUIPlugin
2023-10-23 22:57:23,594 [INFO] PluginManager:220 - loadIPPluginJar : add tsc
2023-10-23 22:57:23,637 [INFO] IPUIPlugin:80 - create IPUIPlugin
2023-10-23 22:57:23,637 [INFO] PluginManager:220 - loadIPPluginJar : add ucpd
2023-10-23 22:57:23,740 [INFO] IPUIPlugin:80 - create IPUIPlugin
2023-10-23 22:57:23,740 [INFO] PluginManager:220 - loadIPPluginJar : add usart
2023-10-23 22:57:23,834 [INFO] IPUIPlugin:80 - create IPUIPlugin
2023-10-23 22:57:23,835 [INFO] PluginManager:220 - loadIPPluginJar : add usbx
2023-10-23 22:57:24,042 [INFO] CADModel:165 - CPN selected for project level
2023-10-23 22:57:24,043 [INFO] CADModel:114 - Register for checkConnection events
2023-10-23 22:57:24,043 [FATAL] Updater:308 - Updater called before beeing initialized
2023-10-23 22:57:24,044 [ERROR] CADModel:125 - Updater not yet initialized, retry later 
2023-10-23 22:57:24,312 [INFO] CADModel:165 - CPN selected for project level
2023-10-23 22:57:24,312 [INFO] CADModel:114 - Register for checkConnection events
2023-10-23 22:57:24,312 [FATAL] Updater:308 - Updater called before beeing initialized
2023-10-23 22:57:24,313 [ERROR] CADModel:125 - Updater not yet initialized, retry later 
2023-10-23 22:57:24,320 [FATAL] Updater:308 - Updater called before beeing initialized
2023-10-23 22:57:24,665 [INFO] ThirdPartyUpdaterWithRetryManager:70 - Updater plugin not ready yet. [3/15]
2023-10-23 22:57:24,677 [FATAL] Updater:308 - Updater called before beeing initialized
2023-10-23 22:57:24,691 [INFO] DbMcusAds:53 - JSON generation date=Tue Mar 07 09:50:55 CET 2023 (1678179055114)
2023-10-23 22:57:24,692 [FATAL] Updater:308 - Updater called before beeing initialized
2023-10-23 22:57:24,942 [WARN] DetailPanel:346 - Failed to get advertising image, set to default
2023-10-23 22:57:25,261 [FATAL] Updater:308 - Updater called before beeing initialized
2023-10-23 22:57:25,264 [FATAL] Updater:308 - Updater called before beeing initialized
2023-10-23 22:57:25,264 [FATAL] Updater:308 - Updater called before beeing initialized
2023-10-23 22:57:25,265 [WARN] DetailPanel:346 - Failed to get advertising image, set to default
2023-10-23 22:57:25,267 [FATAL] Updater:308 - Updater called before beeing initialized
2023-10-23 22:57:25,652 [ERROR] Updater:1120 - MainUpdater not yet initialized. External WinMGr cannot be set.
2023-10-23 22:57:25,689 [INFO] Updater:1056 - Updater Version found : 6.9.2
2023-10-23 22:57:25,728 [INFO] ApplicationProperties:184 - Using Application install path: D:\ST\STM32CubeIDE_1.13.2\STM32CubeIDE\plugins\com.st.stm32cube.common.mx_6.9.2.202309101412
2023-10-23 22:57:26,286 [INFO] MainUpdater:2868 - connection check result : 10
2023-10-23 22:57:26,287 [INFO] MainUpdater:285 - Updater Check For Update Now.
2023-10-23 22:57:26,287 [INFO] MicroXplorer:498 - Change Database Version : DB.6.0.92
2023-10-23 22:57:26,908 [INFO] McuFinderGlobals:63 - Set McuFinder mode to 2 (CubeIDE integrated)
2023-10-23 22:57:26,909 [INFO] UserAuth:179 - activating auth plugin
2023-10-23 22:57:27,147 [INFO] CheckServerUpdateThread:120 - End of CheckServer Thread
2023-10-23 22:57:27,456 [INFO] UserAuth:393 - Internet connection configuration mode: 1
2023-10-23 22:57:27,498 [INFO] JxBrowserEngine:151 - Initiate JxBrowser Engine with user profile folder
2023-10-23 22:57:28,273 [WARN] PackLoader:240 - Cannot read IP mode file for STMicroelectronics.X-CUBE-SMBUS.2.1.0
2023-10-23 22:57:28,406 [WARN] PackLoader:240 - Cannot read IP mode file for STMicroelectronics.X-CUBE-AZRTOS-F7.1.1.0
2023-10-23 22:57:28,495 [WARN] PackLoader:240 - Cannot read IP mode file for STMicroelectronics.FP-SNS-MOTENV1.4.3.2
2023-10-23 22:57:28,565 [WARN] PackLoader:240 - Cannot read IP mode file for STMicroelectronics.FP-SNS-FLIGHT1.5.0.2
2023-10-23 22:57:28,642 [WARN] PackLoader:240 - Cannot read IP mode file for STMicroelectronics.X-CUBE-DISPLAY.3.0.0
2023-10-23 22:57:28,783 [WARN] PackLoader:240 - Cannot read IP mode file for STMicroelectronics.X-CUBE-BLE1.7.0.0
2023-10-23 22:57:28,834 [WARN] PackLoader:240 - Cannot read IP mode file for emotas.I-CUBE-CANOPEN.1.3.0
2023-10-23 22:57:28,897 [WARN] PackLoader:240 - Cannot read IP mode file for STMicroelectronics.X-CUBE-TOUCHGFX.4.22.1
2023-10-23 22:57:28,971 [WARN] PackLoader:240 - Cannot read IP mode file for STMicroelectronics.FP-SNS-SMARTAG2.1.2.0
2023-10-23 22:57:29,013 [INFO] LogOutputStream:77 - [STDOUT_REDIRECT] 1 : Invalid condition id : UX_CORESTACK_Condition cause : null
2023-10-23 22:57:29,014 [INFO] LogOutputStream:77 - [STDOUT_REDIRECT] 1 : Invalid condition id : UX_CORESTACK_Condition cause : null
2023-10-23 22:57:29,018 [INFO] LogOutputStream:77 - [STDOUT_REDIRECT] 1 : Invalid condition id : UX_CORESTACK_Condition cause : null
2023-10-23 22:57:29,021 [INFO] LogOutputStream:77 - [STDOUT_REDIRECT] 1 : Invalid condition id : UX_CORESTACK_Condition cause : null
2023-10-23 22:57:29,025 [INFO] LogOutputStream:77 - [STDOUT_REDIRECT] 1 : Invalid condition id : UX_CORESTACK_Condition cause : null
2023-10-23 22:57:29,034 [WARN] PackLoader:240 - Cannot read IP mode file for STMicroelectronics.X-CUBE-AZRTOS-WL.2.0.0
2023-10-23 22:57:29,114 [WARN] PackLoader:240 - Cannot read IP mode file for WES.I-CUBE-Cesium.1.3.0
2023-10-23 22:57:29,167 [WARN] PackLoader:240 - Cannot read IP mode file for STMicroelectronics.X-CUBE-BLE2.3.3.0
2023-10-23 22:57:29,215 [WARN] PackLoader:240 - Cannot read IP mode file for STMicroelectronics.X-CUBE-ALGOBUILD.1.3.0
2023-10-23 22:57:29,295 [WARN] PackLoader:240 - Cannot read IP mode file for STMicroelectronics.X-CUBE-AZRTOS-G0.1.1.0
2023-10-23 22:57:29,380 [WARN] PackLoader:240 - Cannot read IP mode file for STMicroelectronics.X-CUBE-NFC4.3.0.0
2023-10-23 22:57:29,422 [WARN] PackLoader:240 - Cannot read IP mode file for STMicroelectronics.FP-ATR-SIGFOX1.3.2.0
2023-10-23 22:57:29,516 [WARN] PackLoader:240 - Cannot read IP mode file for SEGGER.I-CUBE-embOS.1.3.1
2023-10-23 22:57:29,682 [WARN] PackLoader:240 - Cannot read IP mode file for STMicroelectronics.X-CUBE-GNSS1.6.0.0
2023-10-23 22:57:29,767 [WARN] PackLoader:240 - Cannot read IP mode file for STMicroelectronics.X-CUBE-AZRTOS-F4.1.1.0
2023-10-23 22:57:29,796 [WARN] PackLoader:240 - Cannot read IP mode file for wolfSSL.I-CUBE-wolfSSL.5.6.3
2023-10-23 22:57:29,901 [WARN] PackLoader:240 - Cannot read IP mode file for STMicroelectronics.X-CUBE-AZRTOS-L5.2.0.0
2023-10-23 22:57:30,248 [WARN] PackLoader:240 - Cannot read IP mode file for ITTIA_DB.I-CUBE-ITTIADB.8.8.0
2023-10-23 22:57:30,357 [WARN] PackLoader:240 - Cannot read IP mode file for STMicroelectronics.X-CUBE-BLEMGR.2.0.0
2023-10-23 22:57:30,482 [WARN] ConditionMgr:438 - getConditionDescription Invalid condition id : UX DEVICE CLASS RTOS Condition cause : null
2023-10-23 22:57:30,482 [WARN] ConditionMgr:438 - getConditionDescription Invalid condition id : UX DEVICE CLASS RTOS Condition cause : null
2023-10-23 22:57:30,489 [WARN] PackLoader:240 - Cannot read IP mode file for STMicroelectronics.X-CUBE-AZRTOS-H7.3.1.0
2023-10-23 22:57:30,491 [WARN] ConditionMgr:1039 - genDependencies : Invalid condition id : UX DEVICE CLASS RTOS Condition cause : null
2023-10-23 22:57:30,491 [WARN] ConditionMgr:1039 - genDependencies : Invalid condition id : UX DEVICE CLASS RTOS Condition cause : null
2023-10-23 22:57:30,493 [WARN] ConditionMgr:1039 - genDependencies : Invalid condition id : UX DEVICE CLASS RTOS Condition cause : null
2023-10-23 22:57:30,494 [WARN] ConditionMgr:1039 - genDependencies : Invalid condition id : UX DEVICE CLASS RTOS Condition cause : null
2023-10-23 22:57:30,494 [WARN] ConditionMgr:1039 - genDependencies : Invalid condition id : UX DEVICE CLASS RTOS Condition cause : null
2023-10-23 22:57:30,566 [WARN] PackLoader:240 - Cannot read IP mode file for STMicroelectronics.X-CUBE-NFC7.1.0.1
2023-10-23 22:57:30,733 [WARN] PackLoader:240 - Cannot read IP mode file for STMicroelectronics.X-CUBE-NFC6.3.0.0
2023-10-23 22:57:30,884 [WARN] PackLoader:240 - Cannot read IP mode file for STMicroelectronics.X-CUBE-EEPRMA1.4.1.0
2023-10-23 22:57:30,926 [WARN] PackLoader:240 - Cannot read IP mode file for STMicroelectronics.X-CUBE-AI.8.1.0
2023-10-23 22:57:31,052 [WARN] ConditionMgr:438 - getConditionDescription Invalid condition id : LAN8742 Phy interface Condition cause : null
2023-10-23 22:57:31,053 [WARN] PackLoader:240 - Cannot read IP mode file for STMicroelectronics.X-CUBE-AZRTOS-L4.2.0.0
2023-10-23 22:57:31,056 [WARN] ConditionMgr:1039 - genDependencies : Invalid condition id : LAN8742 Phy interface Condition cause : null
2023-10-23 22:57:31,059 [WARN] ConditionMgr:1039 - genDependencies : Invalid condition id : LAN8742 Phy interface Condition cause : null
2023-10-23 22:57:31,065 [WARN] ConditionMgr:1039 - genDependencies : Invalid condition id : LAN8742 Phy interface Condition cause : null
2023-10-23 22:57:31,224 [WARN] PackLoader:240 - Cannot read IP mode file for STMicroelectronics.X-CUBE-SFXS2LP1.4.0.0
2023-10-23 22:57:31,260 [WARN] PackLoader:240 - Cannot read IP mode file for STMicroelectronics.X-CUBE-ISPU.1.1.0
2023-10-23 22:57:31,382 [WARN] ConditionMgr:438 - getConditionDescription Invalid condition id : UX DEVICE CLASS RTOS Condition cause : null
2023-10-23 22:57:31,383 [WARN] ConditionMgr:438 - getConditionDescription Invalid condition id : UX DEVICE CLASS RTOS Condition cause : null
2023-10-23 22:57:31,387 [WARN] PackLoader:240 - Cannot read IP mode file for STMicroelectronics.X-CUBE-AZRTOS-WB.2.0.0
2023-10-23 22:57:31,389 [WARN] ConditionMgr:1039 - genDependencies : Invalid condition id : UX DEVICE CLASS RTOS Condition cause : null
2023-10-23 22:57:31,389 [WARN] ConditionMgr:1039 - genDependencies : Invalid condition id : UX DEVICE CLASS RTOS Condition cause : null
2023-10-23 22:57:31,390 [WARN] ConditionMgr:1039 - genDependencies : Invalid condition id : UX DEVICE CLASS RTOS Condition cause : null
2023-10-23 22:57:31,391 [WARN] ConditionMgr:1039 - genDependencies : Invalid condition id : UX DEVICE CLASS RTOS Condition cause : null
2023-10-23 22:57:31,392 [WARN] ConditionMgr:1039 - genDependencies : Invalid condition id : UX DEVICE CLASS RTOS Condition cause : null
2023-10-23 22:57:31,505 [WARN] PackLoader:240 - Cannot read IP mode file for STMicroelectronics.X-CUBE-SUBG2.5.0.0
2023-10-23 22:57:31,617 [WARN] PackLoader:240 - Cannot read IP mode file for STMicroelectronics.X-CUBE-TOF1.3.3.1
2023-10-23 22:57:31,809 [WARN] PackLoader:240 - Cannot read IP mode file for STMicroelectronics.X-CUBE-AZRTOS-G4.2.0.0
2023-10-23 22:57:31,943 [WARN] PackLoader:240 - Cannot read IP mode file for Infineon.AIROC-Wi-Fi-Bluetooth-STM32.1.5.1
2023-10-23 22:57:32,209 [WARN] PackLoader:240 - Cannot read IP mode file for STMicroelectronics.X-CUBE-MEMS1.10.0.0
2023-10-23 22:57:32,828 [WARN] PackLoader:240 - Cannot read IP mode file for STMicroelectronics.X-CUBE-FREERTOS.1.1.0
2023-10-23 22:57:32,953 [WARN] PackLoader:240 - Cannot read IP mode file for portGmbH.I-Cube-SoM-uGOAL.1.1.0
2023-10-23 22:57:33,006 [WARN] PackLoader:240 - Cannot read IP mode file for STMicroelectronics.X-CUBE-ALS.1.0.1
2023-10-23 22:57:33,074 [WARN] PackLoader:240 - Cannot read IP mode file for STMicroelectronics.FP-ATR-ASTRA1.2.0.0
2023-10-23 22:57:33,076 [INFO] ThirdParty:978 - Integrity check success = true
2023-10-23 22:57:33,077 [INFO] IntegrityCheckThread:100 - exiting critical section [integrity check]
2023-10-23 22:57:33,077 [INFO] IntegrityCheckThread:103 - End integrity checks thread
2023-10-23 22:57:36,275 [INFO] WebApp:157 - Instantiating new browser for Auth
2023-10-23 22:57:37,693 [INFO] WebApp:753 - Register for checkConnection events
2023-10-23 22:57:37,693 [INFO] WebApp:390 - Apply proxy settings
2023-10-23 22:57:37,694 [INFO] WebApp:475 - Chromium requires no authentication
2023-10-23 22:57:37,710 [INFO] WebApp:418 - Direct internet connection detected
2023-10-23 22:57:38,085 [INFO] WebApp:188 - Starting web application
2023-10-23 22:57:38,086 [INFO] WebApp:520 - Web application path used D:\ST\STM32CubeIDE_1.13.2\STM32CubeIDE\plugins\com.st.stm32cube.common.mx_6.9.2.202309101412\db\plugins\mcufinder\reactClient1\index.html
2023-10-23 22:58:00,820 [ERROR] LogOutputStream:75 - [STDERR_REDIRECT] SLF4J: Failed to load class "org.slf4j.impl.StaticLoggerBinder".
2023-10-23 22:58:00,821 [ERROR] LogOutputStream:75 - [STDERR_REDIRECT] SLF4J: Defaulting to no-operation (NOP) logger implementation
2023-10-23 22:58:00,824 [ERROR] LogOutputStream:75 - [STDERR_REDIRECT] SLF4J: See http://www.slf4j.org/codes.html#StaticLoggerBinder for further details.
2023-10-23 23:01:03,338 [ERROR] LogOutputStream:75 - [STDERR_REDIRECT] 
2023-10-23 23:01:14,744 [INFO] Activator:176 - 


2023-10-23 23:01:14,748 [INFO] Activator:177 - !SESSION log4j initialized
2023-10-23 23:01:18,896 [INFO] LogOutputStream:77 - [STDOUT_REDIRECT] 
2023-10-23 23:01:38,049 [INFO] ApplicationProperties:184 - Using Application install path: D:\ST\STM32CubeIDE_1.13.2\STM32CubeIDE\plugins\com.st.stm32cube.common.mx_6.9.2.202309101412
2023-10-23 23:01:38,085 [INFO] DbMcusXml:78 - Set database path to: D:\ST\STM32CubeIDE_1.13.2\STM32CubeIDE\plugins\com.st.stm32cube.common.mx_6.9.2.202309101412\\db\/mcu/
2023-10-23 23:01:38,086 [INFO] ApiDb:274 - Set plugin database path to: D:\ST\STM32CubeIDE_1.13.2\STM32CubeIDE\plugins\com.st.stm32cube.common.mx_6.9.2.202309101412\\db\/plugins/boardmanager/
2023-10-23 23:01:38,087 [WARN] ApiDb:259 - Overriding images path with different value:  => D:\ST\STM32CubeIDE_1.13.2\STM32CubeIDE\plugins\com.st.stm32cube.common.mx_6.9.2.202309101412\\db\/plugins/mcufinder/images/
2023-10-23 23:01:38,114 [INFO] ApiDb:250 - Set database path to: C:\Users\Betka\.stmcufinder\plugins\mcufinder//mcu/
2023-10-23 23:01:38,117 [INFO] DbMcusAds:125 - Set database path to: C:\Users\Betka\.stmcufinder\plugins\mcufinder//mcu/
2023-10-23 23:01:38,147 [INFO] CrossReferenceDbSqlite:203 - Set database path to: C:\Users\Betka\.stmcufinder\plugins\mcufinder//mcu/cs/
2023-10-23 23:01:38,524 [INFO] RulesReader:64 - Compatibility file has been processed (293 Rules)
2023-10-23 23:01:38,784 [INFO] DbMcusXml:78 - Set database path to: D:\ST\STM32CubeIDE_1.13.2\STM32CubeIDE\plugins\com.st.stm32cube.common.mx_6.9.2.202309101412\\db\/mcu/
2023-10-23 23:01:38,785 [INFO] ApiDb:274 - Set plugin database path to: D:\ST\STM32CubeIDE_1.13.2\STM32CubeIDE\plugins\com.st.stm32cube.common.mx_6.9.2.202309101412\\db\/plugins/boardmanager/
2023-10-23 23:01:38,785 [INFO] ApiDb:261 - Set plugin images path to: D:\ST\STM32CubeIDE_1.13.2\STM32CubeIDE\plugins\com.st.stm32cube.common.mx_6.9.2.202309101412\\db\/plugins/mcufinder/images/
2023-10-23 23:01:38,786 [WARN] DbFile:41 - Overriding database path with different value: C:\Users\Betka\.stmcufinder\plugins\mcufinder/ => C:\Users\Betka\.stmcufinder\plugins\mcufinder
2023-10-23 23:01:38,787 [INFO] ApiDb:250 - Set database path to: C:\Users\Betka\.stmcufinder\plugins\mcufinder//mcu/
2023-10-23 23:01:38,788 [WARN] DbFile:41 - Overriding database path with different value: C:\Users\Betka\.stmcufinder\plugins\mcufinder/ => C:\Users\Betka\.stmcufinder\plugins\mcufinder
2023-10-23 23:01:38,788 [INFO] DbMcusAds:125 - Set database path to: C:\Users\Betka\.stmcufinder\plugins\mcufinder//mcu/
2023-10-23 23:01:38,788 [WARN] DbFile:41 - Overriding database path with different value: C:\Users\Betka\.stmcufinder\plugins\mcufinder/ => C:\Users\Betka\.stmcufinder\plugins\mcufinder
2023-10-23 23:01:38,789 [WARN] DbFile:41 - Overriding database path with different value: C:\Users\Betka\.stmcufinder\plugins\mcufinder/ => C:\Users\Betka\.stmcufinder\plugins\mcufinder
2023-10-23 23:01:38,790 [INFO] CrossReferenceDbSqlite:203 - Set database path to: C:\Users\Betka\.stmcufinder\plugins\mcufinder//mcu/cs/
2023-10-23 23:01:39,021 [INFO] MainPanel:262 - HeapMemory: 268435456
2023-10-23 23:01:39,523 [INFO] DbMcusXml:78 - Set database path to: D:\ST\STM32CubeIDE_1.13.2\STM32CubeIDE\plugins\com.st.stm32cube.common.mx_6.9.2.202309101412\\db\/mcu/
2023-10-23 23:01:39,524 [INFO] ApiDb:274 - Set plugin database path to: D:\ST\STM32CubeIDE_1.13.2\STM32CubeIDE\plugins\com.st.stm32cube.common.mx_6.9.2.202309101412\\db\/plugins/boardmanager/
2023-10-23 23:01:39,525 [INFO] ApiDb:261 - Set plugin images path to: D:\ST\STM32CubeIDE_1.13.2\STM32CubeIDE\plugins\com.st.stm32cube.common.mx_6.9.2.202309101412\\db\/plugins/mcufinder/images/
2023-10-23 23:01:39,530 [WARN] DbFile:41 - Overriding database path with different value: C:\Users\Betka\.stmcufinder\plugins\mcufinder/ => C:\Users\Betka\.stmcufinder\plugins\mcufinder
2023-10-23 23:01:39,530 [INFO] ApiDb:250 - Set database path to: C:\Users\Betka\.stmcufinder\plugins\mcufinder//mcu/
2023-10-23 23:01:39,531 [WARN] DbFile:41 - Overriding database path with different value: C:\Users\Betka\.stmcufinder\plugins\mcufinder/ => C:\Users\Betka\.stmcufinder\plugins\mcufinder
2023-10-23 23:01:39,534 [INFO] DbMcusAds:125 - Set database path to: C:\Users\Betka\.stmcufinder\plugins\mcufinder//mcu/
2023-10-23 23:01:39,535 [WARN] DbFile:41 - Overriding database path with different value: C:\Users\Betka\.stmcufinder\plugins\mcufinder/ => C:\Users\Betka\.stmcufinder\plugins\mcufinder
2023-10-23 23:01:39,535 [WARN] DbFile:41 - Overriding database path with different value: C:\Users\Betka\.stmcufinder\plugins\mcufinder/ => C:\Users\Betka\.stmcufinder\plugins\mcufinder
2023-10-23 23:01:39,536 [INFO] CrossReferenceDbSqlite:203 - Set database path to: C:\Users\Betka\.stmcufinder\plugins\mcufinder//mcu/cs/
2023-10-23 23:01:39,584 [INFO] ApplicationProperties:184 - Using Application install path: D:\ST\STM32CubeIDE_1.13.2\STM32CubeIDE\plugins\com.st.stm32cube.common.mx_6.9.2.202309101412
2023-10-23 23:01:39,587 [INFO] PluginManage:196 - Search for loadable plugins [exclusion list=, ]
2023-10-23 23:01:39,590 [INFO] PluginManage:310 - Check plugin analytics
2023-10-23 23:01:40,872 [INFO] AnalyticsPlugin:253 - Accepted Software Licenses: 
2023-10-23 23:01:40,872 [INFO] AnalyticsPlugin:255 - Accepted CMSIS Pack Licenses: 
2023-10-23 23:01:40,873 [INFO] AnalyticsPlugin:257 - Accepted Firmware Licenses: 
2023-10-23 23:01:40,878 [INFO] PluginManage:359 - Loaded plugin analytics (category:tool,tabindex:-1)
2023-10-23 23:01:40,931 [INFO] PluginManage:310 - Check plugin cadmodel
2023-10-23 23:01:40,947 [INFO] CADModel:105 - Init CAD model plugin
2023-10-23 23:01:40,948 [INFO] PluginManage:359 - Loaded plugin cadmodel (category:power,tabindex:5)
2023-10-23 23:01:40,948 [INFO] PluginManage:310 - Check plugin clock
2023-10-23 23:01:40,966 [INFO] PluginManage:359 - Loaded plugin clock (category:base,tabindex:2)
2023-10-23 23:01:40,966 [INFO] PluginManage:310 - Check plugin ddr
2023-10-23 23:01:40,973 [INFO] PluginManage:359 - Loaded plugin ddr (category:tool,tabindex:6)
2023-10-23 23:01:40,973 [INFO] PluginManage:310 - Check plugin filemanager
2023-10-23 23:01:41,893 [INFO] PluginManage:359 - Loaded plugin filemanager (category:base,tabindex:10)
2023-10-23 23:01:41,893 [INFO] PluginManage:310 - Check plugin ipmanager
2023-10-23 23:01:41,965 [INFO] PluginManage:359 - Loaded plugin ipmanager (category:base,tabindex:5)
2023-10-23 23:01:41,966 [INFO] PluginManage:310 - Check plugin lpbam
2023-10-23 23:01:42,028 [INFO] PluginManage:359 - Loaded plugin lpbam (category:base,tabindex:0)
2023-10-23 23:01:42,039 [INFO] PluginManage:310 - Check plugin memorymap
2023-10-23 23:01:42,073 [INFO] PluginManage:359 - Loaded plugin memorymap (category:base,tabindex:4)
2023-10-23 23:01:42,073 [INFO] PluginManage:310 - Check plugin pinoutandconfiguration
2023-10-23 23:01:42,090 [INFO] PluginManage:359 - Loaded plugin pinoutandconfiguration (category:base,tabindex:1)
2023-10-23 23:01:42,090 [INFO] PluginManage:310 - Check plugin pinoutconfig
2023-10-23 23:01:42,159 [FATAL] PluginManage:371 - Exception caught
java.lang.reflect.InvocationTargetException: null
	at jdk.internal.reflect.NativeConstructorAccessorImpl.newInstance0(Native Method) ~[?:?]
	at jdk.internal.reflect.NativeConstructorAccessorImpl.newInstance(NativeConstructorAccessorImpl.java:77) ~[?:?]
	at jdk.internal.reflect.DelegatingConstructorAccessorImpl.newInstance(DelegatingConstructorAccessorImpl.java:45) ~[?:?]
	at java.lang.reflect.Constructor.newInstanceWithCaller(Constructor.java:499) ~[?:?]
	at java.lang.reflect.Constructor.newInstance(Constructor.java:480) ~[?:?]
	at com.st.microxplorer.plugin.PluginManage.loadPluginJar(PluginManage.java:352) ~[STM32CubeMX.jar:?]
	at com.st.microxplorer.plugin.PluginManage.PluginSearch(PluginManage.java:224) ~[STM32CubeMX.jar:?]
	at com.st.microxplorer.plugin.PluginManage.PluginDiscovery(PluginManage.java:67) ~[STM32CubeMX.jar:?]
	at com.st.microxplorer.maingui.MainPanel.initialization(MainPanel.java:314) ~[STM32CubeMX.jar:?]
	at com.st.microxplorer.maingui.AppletMainFrameCubeIde.init(AppletMainFrameCubeIde.java:242) ~[STM32CubeMX.jar:?]
	at com.st.stm32cube.common.mx.core.CubeMxInstance.<init>(CubeMxInstance.java:117) ~[com.st.stm32cube.common.mx_6.9.2.202309101412/:?]
	at com.st.stm32cube.common.mx.core.CubeMxInstance.getInstance(CubeMxInstance.java:91) ~[com.st.stm32cube.common.mx_6.9.2.202309101412/:?]
	at com.st.stm32cube.common.mx.userauth.UserAuthAdapter.<init>(UserAuthAdapter.java:18) ~[com.st.stm32cube.common.mx_6.9.2.202309101412/:?]
	at com.st.stm32cube.common.mx.userauth.UserAuthProvider.getUserAuthAdapter(UserAuthProvider.java:9) ~[com.st.stm32cube.common.mx_6.9.2.202309101412/:?]
	at com.st.stm32cube.common.ecosystemintegration.ui.core.MCUEcoSystemIntegrationUiHelper.getUserAuth(MCUEcoSystemIntegrationUiHelper.java:100) ~[?:?]
	at com.st.stm32cube.ide.mcu.userauth.UserAuthStartup.earlyStartup(UserAuthStartup.java:41) ~[?:?]
	at org.eclipse.ui.internal.EarlyStartupRunnable.runEarlyStartup(EarlyStartupRunnable.java:79) ~[?:?]
	at org.eclipse.ui.internal.EarlyStartupRunnable.run(EarlyStartupRunnable.java:55) ~[?:?]
	at org.eclipse.core.runtime.SafeRunner.run(SafeRunner.java:45) ~[org.eclipse.equinox.common_3.17.100.v20230202-1341.jar:?]
	at org.eclipse.ui.internal.Workbench$39.run(Workbench.java:2656) ~[?:?]
	at org.eclipse.core.internal.jobs.Worker.run(Worker.java:63) ~[?:?]
Caused by: java.lang.IllegalStateException: Module has been uninstalled. osgi.identity; type="osgi.bundle"; version:Version="6.9.2.202309101412"; osgi.identity="com.st.stm32cube.common.mx"; singleton:="true" [id=15]
	at org.eclipse.osgi.container.Module.checkValid(Module.java:560) ~[?:?]
	at org.eclipse.osgi.container.Module.start(Module.java:421) ~[?:?]
	at org.eclipse.osgi.framework.util.SecureAction.start(SecureAction.java:513) ~[?:?]
	at org.eclipse.osgi.internal.hooks.EclipseLazyStarter.postFindLocalClass(EclipseLazyStarter.java:117) ~[?:?]
	at org.eclipse.osgi.internal.loader.classpath.ClasspathManager.findLocalClass(ClasspathManager.java:570) ~[?:?]
	at org.eclipse.osgi.internal.loader.ModuleClassLoader.findLocalClass(ModuleClassLoader.java:335) ~[?:?]
	at org.eclipse.osgi.internal.loader.BundleLoader.findLocalClass(BundleLoader.java:397) ~[?:?]
	at org.eclipse.osgi.internal.loader.BundleLoader.findClass0(BundleLoader.java:500) ~[?:?]
	at org.eclipse.osgi.internal.loader.BundleLoader.findClass(BundleLoader.java:416) ~[?:?]
	at org.eclipse.osgi.internal.loader.ModuleClassLoader.loadClass(ModuleClassLoader.java:168) ~[?:?]
	at java.lang.ClassLoader.loadClass(ClassLoader.java:574) ~[?:?]
	at java.lang.ClassLoader.loadClass(ClassLoader.java:520) ~[?:?]
	at org.eclipse.osgi.internal.framework.ContextFinder.loadClass(ContextFinder.java:141) ~[?:?]
	at java.lang.ClassLoader.loadClass(ClassLoader.java:520) ~[?:?]
	at java.lang.Class.forName0(Native Method) ~[?:?]
	at java.lang.Class.forName(Class.java:467) ~[?:?]
	at javax.swing.SwingUtilities.loadSystemClass(SwingUtilities.java:2036) ~[?:?]
	at javax.swing.UIDefaults.getUIClass(UIDefaults.java:719) ~[?:?]
	at javax.swing.UIDefaults.getUI(UIDefaults.java:789) ~[?:?]
	at javax.swing.UIManager.getUI(UIManager.java:1073) ~[?:?]
	at javax.swing.JCheckBox.updateUI(JCheckBox.java:228) ~[?:?]
	at javax.swing.AbstractButton.init(AbstractButton.java:2141) ~[?:?]
	at javax.swing.JToggleButton.<init>(JToggleButton.java:187) ~[?:?]
	at javax.swing.JCheckBox.<init>(JCheckBox.java:176) ~[?:?]
	at javax.swing.JCheckBox.<init>(JCheckBox.java:127) ~[?:?]
	at com.st.microxplorer.plugins.pinoutconfig.PinoutConfigView.initMenuToolBar(PinoutConfigView.java:822) ~[?:?]
	at com.st.microxplorer.plugins.pinoutconfig.PinoutConfigView.<init>(PinoutConfigView.java:183) ~[?:?]
	... 21 more
